d:\winbin\source\dll\options\x64\release\options.pch
d:\winbin\source\dll\options\x64\release\vc142.pdb
d:\winbin\source\dll\options\x64\release\pch.obj
d:\winbin\source\dll\options\x64\release\dllmain.obj
d:\winbin\source\dll\options\x64\release\options.obj
d:\winbin\bin\x64\options.dll
d:\winbin\bin\x64\options.pdb
d:\winbin\bin\x64\options.lib
d:\winbin\bin\x64\options.exp
d:\winbin\bin\x64\options.ipdb
d:\winbin\bin\x64\options.iobj
d:\winbin\source\dll\options\x64\release\priconfig.xml
d:\winbin\source\dll\options\x64\release\priconfig.xml.intermediate
d:\winbin\source\dll\options\x64\release\unfiltered.layout.resfiles
d:\winbin\source\dll\options\x64\release\unfiltered.layout.resfiles.intermediate
d:\winbin\source\dll\options\x64\release\filtered.layout.resfiles
d:\winbin\source\dll\options\x64\release\filtered.layout.resfiles.intermediate
d:\winbin\source\dll\options\x64\release\excluded.layout.resfiles
d:\winbin\source\dll\options\x64\release\excluded.layout.resfiles.intermediate
d:\winbin\source\dll\options\x64\release\resources.resfiles
d:\winbin\source\dll\options\x64\release\resources.resfiles.intermediate
d:\winbin\source\dll\options\x64\release\pri.resfiles
d:\winbin\source\dll\options\x64\release\pri.resfiles.intermediate
d:\winbin\bin\x64\options.pri
d:\winbin\source\dll\options\x64\release\qualifiers.txt
d:\winbin\source\dll\options\x64\release\qualifiers.txt.intermediate
d:\winbin\source\dll\options\x64\release\multiplequalifiersperdimensionfound.txt
d:\winbin\source\dll\options\x64\release\options.tlog\cl.command.1.tlog
d:\winbin\source\dll\options\x64\release\options.tlog\cl.read.1.tlog
d:\winbin\source\dll\options\x64\release\options.tlog\cl.write.1.tlog
d:\winbin\source\dll\options\x64\release\options.tlog\link.command.1.tlog
d:\winbin\source\dll\options\x64\release\options.tlog\link.read.1.tlog
d:\winbin\source\dll\options\x64\release\options.tlog\link.write.1.tlog
d:\winbin\source\dll\options\x64\release\options.tlog\options.read.1u.tlog
d:\winbin\source\dll\options\x64\release\options.tlog\options.write.1u.tlog
