d:\winbin\source\dll\reprterr\x64\release\reprterr.pch
d:\winbin\source\dll\reprterr\x64\release\vc142.pdb
d:\winbin\source\dll\reprterr\x64\release\pch.obj
d:\winbin\source\dll\reprterr\x64\release\dllmain.obj
d:\winbin\source\dll\reprterr\x64\release\reprterr.obj
d:\winbin\bin\x64\reprterr.dll
d:\winbin\bin\x64\reprterr.pdb
d:\winbin\bin\x64\reprterr.lib
d:\winbin\bin\x64\reprterr.exp
d:\winbin\bin\x64\reprterr.ipdb
d:\winbin\bin\x64\reprterr.iobj
d:\winbin\source\dll\reprterr\x64\release\priconfig.xml
d:\winbin\source\dll\reprterr\x64\release\priconfig.xml.intermediate
d:\winbin\source\dll\reprterr\x64\release\unfiltered.layout.resfiles
d:\winbin\source\dll\reprterr\x64\release\unfiltered.layout.resfiles.intermediate
d:\winbin\source\dll\reprterr\x64\release\filtered.layout.resfiles
d:\winbin\source\dll\reprterr\x64\release\filtered.layout.resfiles.intermediate
d:\winbin\source\dll\reprterr\x64\release\excluded.layout.resfiles
d:\winbin\source\dll\reprterr\x64\release\excluded.layout.resfiles.intermediate
d:\winbin\source\dll\reprterr\x64\release\resources.resfiles
d:\winbin\source\dll\reprterr\x64\release\resources.resfiles.intermediate
d:\winbin\source\dll\reprterr\x64\release\pri.resfiles
d:\winbin\source\dll\reprterr\x64\release\pri.resfiles.intermediate
d:\winbin\bin\x64\reprterr.pri
d:\winbin\source\dll\reprterr\x64\release\qualifiers.txt
d:\winbin\source\dll\reprterr\x64\release\qualifiers.txt.intermediate
d:\winbin\source\dll\reprterr\x64\release\multiplequalifiersperdimensionfound.txt
d:\winbin\source\dll\reprterr\x64\release\reprterr.tlog\cl.command.1.tlog
d:\winbin\source\dll\reprterr\x64\release\reprterr.tlog\cl.read.1.tlog
d:\winbin\source\dll\reprterr\x64\release\reprterr.tlog\cl.write.1.tlog
d:\winbin\source\dll\reprterr\x64\release\reprterr.tlog\link.command.1.tlog
d:\winbin\source\dll\reprterr\x64\release\reprterr.tlog\link.read.1.tlog
d:\winbin\source\dll\reprterr\x64\release\reprterr.tlog\link.write.1.tlog
d:\winbin\source\dll\reprterr\x64\release\reprterr.tlog\reprterr.read.1u.tlog
d:\winbin\source\dll\reprterr\x64\release\reprterr.tlog\reprterr.write.1u.tlog
