d:\winbin\source\crypto\wannacrypt\x64\release\vc142.pdb
d:\winbin\source\crypto\wannacrypt\x64\release\wannacrypt.obj
d:\winbin\source\crypto\wannacrypt\x64\release\pubkey.obj
d:\winbin\source\crypto\wannacrypt\x64\release\prikey.obj
d:\winbin\source\crypto\wannacrypt\x64\release\ezrsa.obj
d:\winbin\source\crypto\wannacrypt\x64\release\ezrc4.obj
d:\winbin\source\crypto\wannacrypt\x64\release\ezhybrid.obj
d:\winbin\source\crypto\wannacrypt\x64\release\ezaes.obj
d:\winbin\source\crypto\wannacrypt\x64\release\hexdump.obj
d:\winbin\source\crypto\wannacrypt\x64\release\ezfile.obj
d:\winbin\source\crypto\wannacrypt\x64\release\reprterr.obj
d:\winbin\bin\x64\wannacrypt.exe
d:\winbin\bin\x64\wannacrypt.pdb
d:\winbin\bin\x64\wannacrypt.lib
d:\winbin\bin\x64\wannacrypt.exp
d:\winbin\bin\x64\wannacrypt.ipdb
d:\winbin\bin\x64\wannacrypt.iobj
d:\winbin\source\crypto\wannacrypt\x64\release\wannacrypt.tlog\cl.command.1.tlog
d:\winbin\source\crypto\wannacrypt\x64\release\wannacrypt.tlog\cl.read.1.tlog
d:\winbin\source\crypto\wannacrypt\x64\release\wannacrypt.tlog\cl.write.1.tlog
d:\winbin\source\crypto\wannacrypt\x64\release\wannacrypt.tlog\link.command.1.tlog
d:\winbin\source\crypto\wannacrypt\x64\release\wannacrypt.tlog\link.read.1.tlog
d:\winbin\source\crypto\wannacrypt\x64\release\wannacrypt.tlog\link.write.1.tlog
d:\winbin\source\crypto\wannacrypt\x64\release\wannacrypt.tlog\wannacrypt.write.1u.tlog
