d:\winbin\source\dll\getargs\x64\release\getargs.pch
d:\winbin\source\dll\getargs\x64\release\vc142.pdb
d:\winbin\source\dll\getargs\x64\release\pch.obj
d:\winbin\source\dll\getargs\x64\release\dllmain.obj
d:\winbin\source\dll\getargs\x64\release\getargs.obj
d:\winbin\bin\x64\getargs.lib
d:\winbin\bin\x64\getargs.exp
d:\winbin\bin\x64\getargs.ipdb
d:\winbin\bin\x64\getargs.iobj
d:\winbin\source\dll\getargs\x64\release\priconfig.xml
d:\winbin\source\dll\getargs\x64\release\priconfig.xml.intermediate
d:\winbin\source\dll\getargs\x64\release\unfiltered.layout.resfiles
d:\winbin\source\dll\getargs\x64\release\unfiltered.layout.resfiles.intermediate
d:\winbin\source\dll\getargs\x64\release\filtered.layout.resfiles
d:\winbin\source\dll\getargs\x64\release\filtered.layout.resfiles.intermediate
d:\winbin\source\dll\getargs\x64\release\excluded.layout.resfiles
d:\winbin\source\dll\getargs\x64\release\excluded.layout.resfiles.intermediate
d:\winbin\source\dll\getargs\x64\release\resources.resfiles
d:\winbin\source\dll\getargs\x64\release\resources.resfiles.intermediate
d:\winbin\source\dll\getargs\x64\release\pri.resfiles
d:\winbin\source\dll\getargs\x64\release\pri.resfiles.intermediate
d:\winbin\bin\x64\getargs.pri
d:\winbin\source\dll\getargs\x64\release\qualifiers.txt
d:\winbin\source\dll\getargs\x64\release\qualifiers.txt.intermediate
d:\winbin\source\dll\getargs\x64\release\multiplequalifiersperdimensionfound.txt
d:\winbin\bin\x64\getargs.dll
d:\winbin\bin\x64\getargs.pdb
d:\winbin\source\dll\getargs\x64\release\getargs.tlog\cl.command.1.tlog
d:\winbin\source\dll\getargs\x64\release\getargs.tlog\cl.read.1.tlog
d:\winbin\source\dll\getargs\x64\release\getargs.tlog\cl.write.1.tlog
d:\winbin\source\dll\getargs\x64\release\getargs.tlog\getargs.read.1u.tlog
d:\winbin\source\dll\getargs\x64\release\getargs.tlog\getargs.write.1u.tlog
d:\winbin\source\dll\getargs\x64\release\getargs.tlog\link.command.1.tlog
d:\winbin\source\dll\getargs\x64\release\getargs.tlog\link.read.1.tlog
d:\winbin\source\dll\getargs\x64\release\getargs.tlog\link.write.1.tlog
