d:\winbin\source\dll\printmsg\x64\release\printmsg.pch
d:\winbin\source\dll\printmsg\x64\release\vc142.pdb
d:\winbin\source\dll\printmsg\x64\release\pch.obj
d:\winbin\source\dll\printmsg\x64\release\printmsg.obj
d:\winbin\source\dll\printmsg\x64\release\dllmain.obj
d:\winbin\bin\x64\printmsg.dll
d:\winbin\bin\x64\printmsg.pdb
d:\winbin\bin\x64\printmsg.lib
d:\winbin\bin\x64\printmsg.exp
d:\winbin\bin\x64\printmsg.ipdb
d:\winbin\bin\x64\printmsg.iobj
d:\winbin\source\dll\printmsg\x64\release\priconfig.xml
d:\winbin\source\dll\printmsg\x64\release\priconfig.xml.intermediate
d:\winbin\source\dll\printmsg\x64\release\unfiltered.layout.resfiles
d:\winbin\source\dll\printmsg\x64\release\unfiltered.layout.resfiles.intermediate
d:\winbin\source\dll\printmsg\x64\release\filtered.layout.resfiles
d:\winbin\source\dll\printmsg\x64\release\filtered.layout.resfiles.intermediate
d:\winbin\source\dll\printmsg\x64\release\excluded.layout.resfiles
d:\winbin\source\dll\printmsg\x64\release\excluded.layout.resfiles.intermediate
d:\winbin\source\dll\printmsg\x64\release\resources.resfiles
d:\winbin\source\dll\printmsg\x64\release\resources.resfiles.intermediate
d:\winbin\source\dll\printmsg\x64\release\pri.resfiles
d:\winbin\source\dll\printmsg\x64\release\pri.resfiles.intermediate
d:\winbin\bin\x64\printmsg.pri
d:\winbin\source\dll\printmsg\x64\release\qualifiers.txt
d:\winbin\source\dll\printmsg\x64\release\qualifiers.txt.intermediate
d:\winbin\source\dll\printmsg\x64\release\multiplequalifiersperdimensionfound.txt
d:\winbin\source\dll\printmsg\x64\release\printmsg.tlog\cl.command.1.tlog
d:\winbin\source\dll\printmsg\x64\release\printmsg.tlog\cl.read.1.tlog
d:\winbin\source\dll\printmsg\x64\release\printmsg.tlog\cl.write.1.tlog
d:\winbin\source\dll\printmsg\x64\release\printmsg.tlog\link.command.1.tlog
d:\winbin\source\dll\printmsg\x64\release\printmsg.tlog\link.read.1.tlog
d:\winbin\source\dll\printmsg\x64\release\printmsg.tlog\link.write.1.tlog
d:\winbin\source\dll\printmsg\x64\release\printmsg.tlog\printmsg.read.1u.tlog
d:\winbin\source\dll\printmsg\x64\release\printmsg.tlog\printmsg.write.1u.tlog
