d:\winbin\source\dll\skiparg\x64\release\skiparg.pch
d:\winbin\source\dll\skiparg\x64\release\vc142.pdb
d:\winbin\source\dll\skiparg\x64\release\pch.obj
d:\winbin\source\dll\skiparg\x64\release\skiparg.obj
d:\winbin\source\dll\skiparg\x64\release\dllmain.obj
d:\winbin\bin\x64\skiparg.dll
d:\winbin\bin\x64\skiparg.pdb
d:\winbin\bin\x64\skiparg.lib
d:\winbin\bin\x64\skiparg.exp
d:\winbin\bin\x64\skiparg.ipdb
d:\winbin\bin\x64\skiparg.iobj
d:\winbin\source\dll\skiparg\x64\release\priconfig.xml
d:\winbin\source\dll\skiparg\x64\release\priconfig.xml.intermediate
d:\winbin\source\dll\skiparg\x64\release\unfiltered.layout.resfiles
d:\winbin\source\dll\skiparg\x64\release\unfiltered.layout.resfiles.intermediate
d:\winbin\source\dll\skiparg\x64\release\filtered.layout.resfiles
d:\winbin\source\dll\skiparg\x64\release\filtered.layout.resfiles.intermediate
d:\winbin\source\dll\skiparg\x64\release\excluded.layout.resfiles
d:\winbin\source\dll\skiparg\x64\release\excluded.layout.resfiles.intermediate
d:\winbin\source\dll\skiparg\x64\release\resources.resfiles
d:\winbin\source\dll\skiparg\x64\release\resources.resfiles.intermediate
d:\winbin\source\dll\skiparg\x64\release\pri.resfiles
d:\winbin\source\dll\skiparg\x64\release\pri.resfiles.intermediate
d:\winbin\bin\x64\skiparg.pri
d:\winbin\source\dll\skiparg\x64\release\qualifiers.txt
d:\winbin\source\dll\skiparg\x64\release\qualifiers.txt.intermediate
d:\winbin\source\dll\skiparg\x64\release\multiplequalifiersperdimensionfound.txt
d:\winbin\source\dll\skiparg\x64\release\skiparg.tlog\cl.command.1.tlog
d:\winbin\source\dll\skiparg\x64\release\skiparg.tlog\cl.read.1.tlog
d:\winbin\source\dll\skiparg\x64\release\skiparg.tlog\cl.write.1.tlog
d:\winbin\source\dll\skiparg\x64\release\skiparg.tlog\link.command.1.tlog
d:\winbin\source\dll\skiparg\x64\release\skiparg.tlog\link.read.1.tlog
d:\winbin\source\dll\skiparg\x64\release\skiparg.tlog\link.write.1.tlog
d:\winbin\source\dll\skiparg\x64\release\skiparg.tlog\skiparg.read.1u.tlog
d:\winbin\source\dll\skiparg\x64\release\skiparg.tlog\skiparg.write.1u.tlog
