d:\winbin\source\dll\versionok\x64\release\versionok.pch
d:\winbin\source\dll\versionok\x64\release\vc142.pdb
d:\winbin\source\dll\versionok\x64\release\pch.obj
d:\winbin\source\dll\versionok\x64\release\dllmain.obj
d:\winbin\source\dll\versionok\x64\release\versionok.obj
d:\winbin\bin\x64\versionok.dll
d:\winbin\source\dll\versionok\x64\release\priconfig.xml
d:\winbin\source\dll\versionok\x64\release\priconfig.xml.intermediate
d:\winbin\source\dll\versionok\x64\release\unfiltered.layout.resfiles
d:\winbin\source\dll\versionok\x64\release\unfiltered.layout.resfiles.intermediate
d:\winbin\source\dll\versionok\x64\release\filtered.layout.resfiles
d:\winbin\source\dll\versionok\x64\release\filtered.layout.resfiles.intermediate
d:\winbin\source\dll\versionok\x64\release\excluded.layout.resfiles
d:\winbin\source\dll\versionok\x64\release\excluded.layout.resfiles.intermediate
d:\winbin\source\dll\versionok\x64\release\resources.resfiles
d:\winbin\source\dll\versionok\x64\release\resources.resfiles.intermediate
d:\winbin\source\dll\versionok\x64\release\pri.resfiles
d:\winbin\source\dll\versionok\x64\release\pri.resfiles.intermediate
d:\winbin\bin\x64\versionok.pri
d:\winbin\source\dll\versionok\x64\release\qualifiers.txt
d:\winbin\source\dll\versionok\x64\release\qualifiers.txt.intermediate
d:\winbin\source\dll\versionok\x64\release\multiplequalifiersperdimensionfound.txt
d:\winbin\source\dll\versionok\x64\release\versionok.tlog\cl.command.1.tlog
d:\winbin\source\dll\versionok\x64\release\versionok.tlog\cl.read.1.tlog
d:\winbin\source\dll\versionok\x64\release\versionok.tlog\cl.write.1.tlog
d:\winbin\source\dll\versionok\x64\release\versionok.tlog\link.command.1.tlog
d:\winbin\source\dll\versionok\x64\release\versionok.tlog\link.read.1.tlog
d:\winbin\source\dll\versionok\x64\release\versionok.tlog\link.write.1.tlog
d:\winbin\source\dll\versionok\x64\release\versionok.tlog\versionok.read.1u.tlog
d:\winbin\source\dll\versionok\x64\release\versionok.tlog\versionok.write.1u.tlog
