d:\winbin\bin\debug\astsu.lib
d:\winbin\bin\debug\astsu.exp
d:\winbin\astsu\debug\vc142.pdb
d:\winbin\astsu\debug\vc142.idb
d:\winbin\astsu\debug\skiparg.obj
d:\winbin\astsu\debug\reprterr.obj
d:\winbin\astsu\debug\options.obj
d:\winbin\astsu\debug\getargs.obj
d:\winbin\astsu\debug\jobmgt.obj
d:\winbin\astsu\debug\astsu.obj
d:\winbin\astsu\debug\versionok.obj
d:\winbin\bin\debug\astsu.exe
d:\winbin\bin\debug\astsu.ilk
d:\winbin\bin\debug\astsu.pdb
d:\winbin\astsu\debug\jobmgt.obj.enc
d:\winbin\astsu\debug\astsu.tlog\astsu.write.1u.tlog
d:\winbin\astsu\debug\astsu.tlog\cl.command.1.tlog
d:\winbin\astsu\debug\astsu.tlog\cl.read.1.tlog
d:\winbin\astsu\debug\astsu.tlog\cl.write.1.tlog
d:\winbin\astsu\debug\astsu.tlog\link.command.1.tlog
d:\winbin\astsu\debug\astsu.tlog\link.delete.1.tlog
d:\winbin\astsu\debug\astsu.tlog\link.read.1.tlog
d:\winbin\astsu\debug\astsu.tlog\link.write.1.tlog
